[debug] [2026-05-13T19:00:15.349Z] ----------------------------------------------------------------------
[debug] [2026-05-13T19:00:15.354Z] Command:       C:\Program Files\nodejs\node.exe C:\Users\saman\AppData\Roaming\npm\node_modules\firebase-tools\lib\bin\firebase.js init
[debug] [2026-05-13T19:00:15.355Z] CLI Version:   15.17.0
[debug] [2026-05-13T19:00:15.355Z] Platform:      win32
[debug] [2026-05-13T19:00:15.356Z] Node Version:  v22.14.0
[debug] [2026-05-13T19:00:15.356Z] Time:          Thu May 14 2026 00:30:15 GMT+0530 (India Standard Time)
[debug] [2026-05-13T19:00:15.356Z] ----------------------------------------------------------------------
[debug] 
[info] 
     ######## #### ########  ######## ########     ###     ######  ########
     ##        ##  ##     ## ##       ##     ##  ##   ##  ##       ##
     ######    ##  ########  ######   ########  #########  ######  ######
     ##        ##  ##    ##  ##       ##     ## ##     ##       ## ##
     ##       #### ##     ## ######## ########  ##     ##  ######  ########

You're about to initialize a Firebase project in this directory:

  C:\Users\saman\OneDrive\Desktop\WRO\WRO

[info] 
=== Project Setup
[info] 
[info] First, let's associate this project directory with a Firebase project.
[info] You can create multiple project aliases by running firebase use --add, 
[info] 
[debug] [2026-05-13T19:00:43.047Z] > command requires scopes: ["email","openid","https://www.googleapis.com/auth/cloudplatformprojects.readonly","https://www.googleapis.com/auth/firebase","https://www.googleapis.com/auth/cloud-platform"]
[debug] [2026-05-13T19:00:43.048Z] > authorizing via signed-in user (samanta.saisaurav@gmail.com)
[debug] [2026-05-13T19:00:43.050Z] Checked if tokens are valid: true, expires at: 1778702328174
[debug] [2026-05-13T19:00:43.050Z] Checked if tokens are valid: true, expires at: 1778702328174
[debug] [2026-05-13T19:00:43.052Z] >>> [apiv2][query] GET https://firebase.googleapis.com/v1beta1/projects/heritage-sentinel [none]
[debug] [2026-05-13T19:00:44.037Z] <<< [apiv2][status] GET https://firebase.googleapis.com/v1beta1/projects/heritage-sentinel 200
[debug] [2026-05-13T19:00:44.037Z] <<< [apiv2][body] GET https://firebase.googleapis.com/v1beta1/projects/heritage-sentinel {"projectId":"heritage-sentinel","projectNumber":"200584133179","displayName":"Heritage Sentinel","name":"projects/heritage-sentinel","resources":{"hostingSite":"heritage-sentinel"},"state":"ACTIVE","etag":"1_4cfd6234-558f-4dfd-826f-6fb3118a9196"}
[info] i  Using project heritage-sentinel (Heritage Sentinel) . 
[info] 
=== Hosting Setup
[debug] [2026-05-13T19:00:54.975Z] Checked if tokens are valid: true, expires at: 1778702328174
[debug] [2026-05-13T19:00:54.975Z] Checked if tokens are valid: true, expires at: 1778702328174
[debug] [2026-05-13T19:00:54.975Z] >>> [apiv2][query] GET https://firebase.googleapis.com/v1beta1/projects/heritage-sentinel [none]
[debug] [2026-05-13T19:00:55.867Z] <<< [apiv2][status] GET https://firebase.googleapis.com/v1beta1/projects/heritage-sentinel 200
[debug] [2026-05-13T19:00:55.867Z] <<< [apiv2][body] GET https://firebase.googleapis.com/v1beta1/projects/heritage-sentinel {"projectId":"heritage-sentinel","projectNumber":"200584133179","displayName":"Heritage Sentinel","name":"projects/heritage-sentinel","resources":{"hostingSite":"heritage-sentinel"},"state":"ACTIVE","etag":"1_4cfd6234-558f-4dfd-826f-6fb3118a9196"}
[info] 
[info] Your public directory is the folder (relative to your project directory) that
[info] will contain Hosting assets to be uploaded with firebase deploy. If you
[info] have a build process for your assets, use your build's output directory.
[info] 
[info] 
[info] i  Detected a .git folder at C:\Users\saman 
[info] i  Authorizing with GitHub to upload your service account to a GitHub repository's secrets store. 
[info] 
[info] Visit this URL on this device to log in:
[info] https://github.com/login/oauth/authorize?client_id=89cf50f02ac6aaed3484&state=966289982&redirect_uri=http%3A%2F%2Flocalhost%3A9005&scope=read%3Auser%20repo%20public_repo
[info] 
[info] Waiting for authentication...
[debug] [2026-05-13T19:01:49.165Z] >>> [apiv2][query] POST https://github.com/login/oauth/access_token [none]
[debug] [2026-05-13T19:01:49.166Z] >>> [apiv2][body] POST https://github.com/login/oauth/access_token [stream]
[debug] [2026-05-13T19:01:49.735Z] <<< [apiv2][status] POST https://github.com/login/oauth/access_token 200
[debug] [2026-05-13T19:01:49.735Z] <<< [apiv2][body] POST https://github.com/login/oauth/access_token {"access_token":"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","token_type":"bearer","scope":"read:user,repo"}
[debug] [2026-05-13T19:01:49.746Z] >>> [apiv2][query] GET https://api.github.com/user [none]
[debug] [2026-05-13T19:01:50.351Z] <<< [apiv2][status] GET https://api.github.com/user 200
[debug] [2026-05-13T19:01:50.351Z] <<< [apiv2][body] GET https://api.github.com/user {"login":"Saisaurav","id":205808218,"node_id":"U_kgDODERiWg","avatar_url":"https://avatars.githubusercontent.com/u/205808218?v=4","gravatar_id":"","url":"https://api.github.com/users/Saisaurav","html_url":"https://github.com/Saisaurav","followers_url":"https://api.github.com/users/Saisaurav/followers","following_url":"https://api.github.com/users/Saisaurav/following{/other_user}","gists_url":"https://api.github.com/users/Saisaurav/gists{/gist_id}","starred_url":"https://api.github.com/users/Saisaurav/starred{/owner}{/repo}","subscriptions_url":"https://api.github.com/users/Saisaurav/subscriptions","organizations_url":"https://api.github.com/users/Saisaurav/orgs","repos_url":"https://api.github.com/users/Saisaurav/repos","events_url":"https://api.github.com/users/Saisaurav/events{/privacy}","received_events_url":"https://api.github.com/users/Saisaurav/received_events","type":"User","user_view_type":"private","site_admin":false,"name":null,"company":null,"blog":"","location":null,"email":"samanta.saisaurav@outlook.com","hireable":null,"bio":null,"twitter_username":null,"notification_email":"samanta.saisaurav@outlook.com","public_repos":4,"public_gists":0,"followers":0,"following":0,"created_at":"2025-04-01T16:10:37Z","updated_at":"2026-05-13T19:01:11Z","private_gists":0,"total_private_repos":0,"owned_private_repos":0,"disk_usage":60997,"collaborators":0,"two_factor_authentication":false,"plan":{"name":"free","space":976562499,"collaborators":0,"private_repos":10000}}
[info] 
[info] +  Success! Logged into GitHub as Saisaurav 
[info] 
[debug] [2026-05-13T19:01:57.825Z] >>> [apiv2][query] GET https://api.github.com/repos//actions/secrets/public-key type=owner
[debug] [2026-05-13T19:01:58.270Z] <<< [apiv2][status] GET https://api.github.com/repos//actions/secrets/public-key 404
[debug] [2026-05-13T19:01:58.270Z] <<< [apiv2][body] GET https://api.github.com/repos//actions/secrets/public-key {"message":"Not Found","documentation_url":"https://docs.github.com/rest","status":"404"}
[info] 
[info] 
[error] !  The provided authorization cannot be used with this repository. If this repository is in an organization, did you remember to grant access? 
[info] 
[info] i  Action required: Visit this URL to ensure access has been granted to the appropriate organization(s) for the Firebase CLI GitHub OAuth App: 
[info] https://github.com/settings/connections/applications/89cf50f02ac6aaed3484
[info] 
[debug] [2026-05-13T19:02:08.410Z] >>> [apiv2][query] GET https://api.github.com/repos/heritage sentinel/actions/secrets/public-key type=owner
[debug] [2026-05-13T19:02:09.887Z] <<< [apiv2][status] GET https://api.github.com/repos/heritage sentinel/actions/secrets/public-key 404
[debug] [2026-05-13T19:02:09.887Z] <<< [apiv2][body] GET https://api.github.com/repos/heritage sentinel/actions/secrets/public-key {"message":"Not Found","documentation_url":"https://docs.github.com/rest","status":"404"}
[info] 
[info] 
[error] !  The provided authorization cannot be used with this repository. If this repository is in an organization, did you remember to grant access? 
[info] 
[info] i  Action required: Visit this URL to ensure access has been granted to the appropriate organization(s) for the Firebase CLI GitHub OAuth App: 
[info] https://github.com/settings/connections/applications/89cf50f02ac6aaed3484
[info] 
[debug] [2026-05-13T19:02:16.419Z] >>> [apiv2][query] GET https://api.github.com/repos/heritage_sentinel/actions/secrets/public-key type=owner
[debug] [2026-05-13T19:02:16.897Z] <<< [apiv2][status] GET https://api.github.com/repos/heritage_sentinel/actions/secrets/public-key 404
[debug] [2026-05-13T19:02:16.897Z] <<< [apiv2][body] GET https://api.github.com/repos/heritage_sentinel/actions/secrets/public-key {"message":"Not Found","documentation_url":"https://docs.github.com/rest","status":"404"}
[info] 
[info] 
[error] !  The provided authorization cannot be used with this repository. If this repository is in an organization, did you remember to grant access? 
[info] 
[info] i  Action required: Visit this URL to ensure access has been granted to the appropriate organization(s) for the Firebase CLI GitHub OAuth App: 
[info] https://github.com/settings/connections/applications/89cf50f02ac6aaed3484
[info] 
[debug] [2026-05-13T19:02:23.686Z] >>> [apiv2][query] GET https://api.github.com/repos/HS/actions/secrets/public-key type=owner
[debug] [2026-05-13T19:02:25.169Z] <<< [apiv2][status] GET https://api.github.com/repos/HS/actions/secrets/public-key 404
[debug] [2026-05-13T19:02:25.169Z] <<< [apiv2][body] GET https://api.github.com/repos/HS/actions/secrets/public-key {"message":"Not Found","documentation_url":"https://docs.github.com/rest","status":"404"}
[info] 
[info] 
[error] !  The provided authorization cannot be used with this repository. If this repository is in an organization, did you remember to grant access? 
[info] 
[info] i  Action required: Visit this URL to ensure access has been granted to the appropriate organization(s) for the Firebase CLI GitHub OAuth App: 
[info] https://github.com/settings/connections/applications/89cf50f02ac6aaed3484
[info] 
[debug] [2026-05-13T19:02:27.077Z] >>> [apiv2][query] GET https://api.github.com/repos/HSSSSSSSS/actions/secrets/public-key type=owner
[debug] [2026-05-13T19:02:27.471Z] <<< [apiv2][status] GET https://api.github.com/repos/HSSSSSSSS/actions/secrets/public-key 404
[debug] [2026-05-13T19:02:27.471Z] <<< [apiv2][body] GET https://api.github.com/repos/HSSSSSSSS/actions/secrets/public-key {"message":"Not Found","documentation_url":"https://docs.github.com/rest","status":"404"}
[info] 
[info] 
[error] !  The provided authorization cannot be used with this repository. If this repository is in an organization, did you remember to grant access? 
[info] 
[info] i  Action required: Visit this URL to ensure access has been granted to the appropriate organization(s) for the Firebase CLI GitHub OAuth App: 
[info] https://github.com/settings/connections/applications/89cf50f02ac6aaed3484
[info] 
